{
  "0 debug pnpm:scope": {
    "selected": 1,
    "workspacePrefix": "/Users/tom/dev/lagon"
  },
  "1 error pnpm": {
    "errno": 101,
    "code": "ELIFECYCLE",
    "pkgid": "@lagon/cli@0.1.0",
    "stage": "build",
    "script": "cargo build",
    "pkgname": "@lagon/cli",
    "err": {
      "name": "pnpm",
      "message": "@lagon/cli@0.1.0 build: `cargo build`\nExit status 101",
      "code": "ELIFECYCLE",
      "stack": "pnpm: @lagon/cli@0.1.0 build: `cargo build`\nExit status 101\n    at EventEmitter.<anonymous> (/Users/tom/.nvm/versions/node/v16.9.0/lib/node_modules/pnpm/dist/pnpm.cjs:108610:20)\n    at EventEmitter.emit (node:events:394:28)\n    at ChildProcess.<anonymous> (/Users/tom/.nvm/versions/node/v16.9.0/lib/node_modules/pnpm/dist/pnpm.cjs:95176:18)\n    at ChildProcess.emit (node:events:394:28)\n    at maybeClose (node:internal/child_process:1064:16)\n    at Process.ChildProcess._handle.onexit (node:internal/child_process:301:5)"
    }
  },
  "2 warn pnpm:global": " Local package.json exists, but node_modules missing, did you mean to install?"
}